update.go:85: cannot change mount namespace according to change mount (/var/lib/snapd/hostfs/usr/share/libreoffice/help /usr/share/libreoffice/help none bind,ro 0 0): cannot create directory "/usr/share/libreoffice/help": permission denied
update.go:85: cannot change mount namespace according to change mount (/var/lib/snapd/hostfs/usr/share/xubuntu-docs /usr/share/xubuntu-docs none bind,ro 0 0): cannot open directory "/var/lib": permission denied
1661146225260	geckodriver	INFO	Listening on 127.0.0.1:44571
1661146225922	mozrunner::runner	INFO	Running command: "/snap/firefox/current/firefox.launcher" "--marionette" "--remote-debugging-port" "60977" "--remote-allow-hosts" "localhost" "-no-remote" "-profile" "/tmp/rust_mozprofileJxW4Y0"
Gtk-Message: 13:30:26.050: Failed to load module "canberra-gtk-module"
Gtk-Message: 13:30:26.068: Failed to load module "canberra-gtk-module"
[GFX1-]: glxtest: VA-API test failed: failed to initialise VAAPI connection.
ATTENTION: default value of option mesa_glthread overridden by environment.
1661146226934	Marionette	INFO	Marionette enabled
1661146226938	Marionette	INFO	Listening on port 37333
WebDriver BiDi listening on ws://localhost:60977
Read port: 37333
1661146227107	RemoteAgent	WARN	TLS certificate errors will be ignored for this session
console.warn: SearchSettings: "get: No settings file exists, new profile?" (new NotFoundError("Could not open the file at /tmp/rust_mozprofileJxW4Y0/search.json.mozlz4", (void 0)))
Missing chrome or resource URL: resource://gre/modules/UpdateListener.jsm
Missing chrome or resource URL: resource://gre/modules/UpdateListener.sys.mjs
DevTools listening on ws://localhost:60977/devtools/browser/496b2b56-ca6d-4958-b3a6-08fcac4f88f2
Missing chrome or resource URL: resource://gre/modules/UpdateListener.jsm
Missing chrome or resource URL: resource://gre/modules/UpdateListener.sys.mjs
console.error: "Error during quit-application-granted: [Exception... \"File error: Not found\"  nsresult: \"0x80520012 (NS_ERROR_FILE_NOT_FOUND)\"  location: \"JS frame :: resource:///modules/BrowserGlue.jsm :: _onQuitApplicationGranted/tasks< :: line 2006\"  data: no]"
1661146237303	Marionette	INFO	Stopped listening on port 37333
console.warn: TopSitesFeed: Failed to fetch data from Contile server: NetworkError when attempting to fetch resource.
1661146369990	geckodriver	INFO	Listening on 127.0.0.1:55883
1661146370520	mozrunner::runner	INFO	Running command: "/snap/firefox/current/firefox.launcher" "--marionette" "--remote-debugging-port" "59771" "--remote-allow-hosts" "localhost" "-no-remote" "-profile" "/tmp/rust_mozprofileWkO97j"
Gtk-Message: 13:32:50.604: Failed to load module "canberra-gtk-module"
Gtk-Message: 13:32:50.607: Failed to load module "canberra-gtk-module"
[GFX1-]: glxtest: VA-API test failed: failed to initialise VAAPI connection.
ATTENTION: default value of option mesa_glthread overridden by environment.
1661146371053	Marionette	INFO	Marionette enabled
1661146371055	Marionette	INFO	Listening on port 33237
WebDriver BiDi listening on ws://localhost:59771
Read port: 33237
1661146371223	RemoteAgent	WARN	TLS certificate errors will be ignored for this session
console.warn: SearchSettings: "get: No settings file exists, new profile?" (new NotFoundError("Could not open the file at /tmp/rust_mozprofileWkO97j/search.json.mozlz4", (void 0)))
Missing chrome or resource URL: resource://gre/modules/UpdateListener.jsm
Missing chrome or resource URL: resource://gre/modules/UpdateListener.sys.mjs
DevTools listening on ws://localhost:59771/devtools/browser/4a7059ab-de36-485c-a48c-65f4dc283e92
JavaScript error: resource://gre/modules/URIFixup.jsm, line 278: NS_ERROR_FAILURE: Should pass a non-null uri
Missing chrome or resource URL: resource://gre/modules/UpdateListener.jsm
Missing chrome or resource URL: resource://gre/modules/UpdateListener.sys.mjs
console.error: "Error during quit-application-granted: [Exception... \"File error: Not found\"  nsresult: \"0x80520012 (NS_ERROR_FILE_NOT_FOUND)\"  location: \"JS frame :: resource:///modules/BrowserGlue.jsm :: _onQuitApplicationGranted/tasks< :: line 2006\"  data: no]"
1661146433439	Marionette	INFO	Stopped listening on port 33237
console.warn: TopSitesFeed: Failed to fetch data from Contile server: NetworkError when attempting to fetch resource.
1661146545103	geckodriver	INFO	Listening on 127.0.0.1:54933
1661146545413	mozrunner::runner	INFO	Running command: "/snap/firefox/current/firefox.launcher" "--marionette" "--remote-debugging-port" "46985" "--remote-allow-hosts" "localhost" "-no-remote" "-profile" "/tmp/rust_mozprofilewhPvET"
Gtk-Message: 13:35:45.486: Failed to load module "canberra-gtk-module"
Gtk-Message: 13:35:45.487: Failed to load module "canberra-gtk-module"
[GFX1-]: glxtest: VA-API test failed: failed to initialise VAAPI connection.
ATTENTION: default value of option mesa_glthread overridden by environment.
1661146545914	Marionette	INFO	Marionette enabled
1661146545917	Marionette	INFO	Listening on port 43357
WebDriver BiDi listening on ws://localhost:46985
Read port: 43357
1661146546126	RemoteAgent	WARN	TLS certificate errors will be ignored for this session
console.warn: SearchSettings: "get: No settings file exists, new profile?" (new NotFoundError("Could not open the file at /tmp/rust_mozprofilewhPvET/search.json.mozlz4", (void 0)))
Missing chrome or resource URL: resource://gre/modules/UpdateListener.jsm
Missing chrome or resource URL: resource://gre/modules/UpdateListener.sys.mjs
DevTools listening on ws://localhost:46985/devtools/browser/f67c7f60-03ad-4daa-8687-1d55557c74d7
Missing chrome or resource URL: resource://gre/modules/UpdateListener.jsm
Missing chrome or resource URL: resource://gre/modules/UpdateListener.sys.mjs
console.error: "Error during quit-application-granted: [Exception... \"File error: Not found\"  nsresult: \"0x80520012 (NS_ERROR_FILE_NOT_FOUND)\"  location: \"JS frame :: resource:///modules/BrowserGlue.jsm :: _onQuitApplicationGranted/tasks< :: line 2006\"  data: no]"
1661146606718	Marionette	INFO	Stopped listening on port 43357
console.warn: TopSitesFeed: Failed to fetch data from Contile server: NetworkError when attempting to fetch resource.
1661146630875	geckodriver	INFO	Listening on 127.0.0.1:48119
1661146631300	mozrunner::runner	INFO	Running command: "/snap/firefox/current/firefox.launcher" "--marionette" "--remote-debugging-port" "38881" "--remote-allow-hosts" "localhost" "-no-remote" "-profile" "/tmp/rust_mozprofileINFbJU"
Gtk-Message: 13:37:11.367: Failed to load module "canberra-gtk-module"
Gtk-Message: 13:37:11.368: Failed to load module "canberra-gtk-module"
[GFX1-]: glxtest: VA-API test failed: failed to initialise VAAPI connection.
ATTENTION: default value of option mesa_glthread overridden by environment.
1661146631767	Marionette	INFO	Marionette enabled
1661146631770	Marionette	INFO	Listening on port 42059
WebDriver BiDi listening on ws://localhost:38881
Read port: 42059
1661146631886	RemoteAgent	WARN	TLS certificate errors will be ignored for this session
console.warn: SearchSettings: "get: No settings file exists, new profile?" (new NotFoundError("Could not open the file at /tmp/rust_mozprofileINFbJU/search.json.mozlz4", (void 0)))
Missing chrome or resource URL: resource://gre/modules/UpdateListener.jsm
Missing chrome or resource URL: resource://gre/modules/UpdateListener.sys.mjs
DevTools listening on ws://localhost:38881/devtools/browser/1f256b63-b577-4c46-91ff-affc2dfc7303
Missing chrome or resource URL: resource://gre/modules/UpdateListener.jsm
Missing chrome or resource URL: resource://gre/modules/UpdateListener.sys.mjs
console.error: "Error during quit-application-granted: [Exception... \"File error: Not found\"  nsresult: \"0x80520012 (NS_ERROR_FILE_NOT_FOUND)\"  location: \"JS frame :: resource:///modules/BrowserGlue.jsm :: _onQuitApplicationGranted/tasks< :: line 2006\"  data: no]"
1661146642069	Marionette	INFO	Stopped listening on port 42059
console.warn: TopSitesFeed: Failed to fetch data from Contile server: NetworkError when attempting to fetch resource.
1661146643631	geckodriver	INFO	Listening on 127.0.0.1:60767
1661146644081	mozrunner::runner	INFO	Running command: "/snap/firefox/current/firefox.launcher" "--marionette" "--remote-debugging-port" "43475" "--remote-allow-hosts" "localhost" "-no-remote" "-profile" "/tmp/rust_mozprofileqy9jtD"
Gtk-Message: 13:37:24.148: Failed to load module "canberra-gtk-module"
Gtk-Message: 13:37:24.149: Failed to load module "canberra-gtk-module"
[GFX1-]: glxtest: VA-API test failed: failed to initialise VAAPI connection.
ATTENTION: default value of option mesa_glthread overridden by environment.
1661146644547	Marionette	INFO	Marionette enabled
1661146644550	Marionette	INFO	Listening on port 39693
WebDriver BiDi listening on ws://localhost:43475
Read port: 39693
1661146644665	RemoteAgent	WARN	TLS certificate errors will be ignored for this session
console.warn: SearchSettings: "get: No settings file exists, new profile?" (new NotFoundError("Could not open the file at /tmp/rust_mozprofileqy9jtD/search.json.mozlz4", (void 0)))
Missing chrome or resource URL: resource://gre/modules/UpdateListener.jsm
Missing chrome or resource URL: resource://gre/modules/UpdateListener.sys.mjs
DevTools listening on ws://localhost:43475/devtools/browser/0448c58a-cddc-440a-a76b-d2502c2f5992
JavaScript error: resource://gre/modules/URIFixup.jsm, line 278: NS_ERROR_FAILURE: Should pass a non-null uri
Missing chrome or resource URL: resource://gre/modules/UpdateListener.jsm
Missing chrome or resource URL: resource://gre/modules/UpdateListener.sys.mjs
console.error: "Error during quit-application-granted: [Exception... \"File error: Not found\"  nsresult: \"0x80520012 (NS_ERROR_FILE_NOT_FOUND)\"  location: \"JS frame :: resource:///modules/BrowserGlue.jsm :: _onQuitApplicationGranted/tasks< :: line 2006\"  data: no]"
1661146658088	Marionette	INFO	Stopped listening on port 39693
console.warn: TopSitesFeed: Failed to fetch data from Contile server: NetworkError when attempting to fetch resource.
1661146767380	geckodriver	INFO	Listening on 127.0.0.1:38333
1661146767832	mozrunner::runner	INFO	Running command: "/snap/firefox/current/firefox.launcher" "--marionette" "--remote-debugging-port" "52337" "--remote-allow-hosts" "localhost" "-no-remote" "-profile" "/tmp/rust_mozprofile8uLurD"
Gtk-Message: 13:39:27.902: Failed to load module "canberra-gtk-module"
Gtk-Message: 13:39:27.903: Failed to load module "canberra-gtk-module"
[GFX1-]: glxtest: VA-API test failed: failed to initialise VAAPI connection.
ATTENTION: default value of option mesa_glthread overridden by environment.
1661146768312	Marionette	INFO	Marionette enabled
1661146768314	Marionette	INFO	Listening on port 46163
WebDriver BiDi listening on ws://localhost:52337
Read port: 46163
1661146768419	RemoteAgent	WARN	TLS certificate errors will be ignored for this session
console.warn: SearchSettings: "get: No settings file exists, new profile?" (new NotFoundError("Could not open the file at /tmp/rust_mozprofile8uLurD/search.json.mozlz4", (void 0)))
Missing chrome or resource URL: resource://gre/modules/UpdateListener.jsm
Missing chrome or resource URL: resource://gre/modules/UpdateListener.sys.mjs
DevTools listening on ws://localhost:52337/devtools/browser/ffa1c885-0a62-4fa5-83d2-50780d794da7
Missing chrome or resource URL: resource://gre/modules/UpdateListener.jsm
Missing chrome or resource URL: resource://gre/modules/UpdateListener.sys.mjs
console.error: "Error during quit-application-granted: [Exception... \"File error: Not found\"  nsresult: \"0x80520012 (NS_ERROR_FILE_NOT_FOUND)\"  location: \"JS frame :: resource:///modules/BrowserGlue.jsm :: _onQuitApplicationGranted/tasks< :: line 2006\"  data: no]"
1661146848306	Marionette	INFO	Stopped listening on port 46163
console.warn: TopSitesFeed: Failed to fetch data from Contile server: NetworkError when attempting to fetch resource.
1661147023902	geckodriver	INFO	Listening on 127.0.0.1:53001
1661147024318	mozrunner::runner	INFO	Running command: "/snap/firefox/current/firefox.launcher" "--marionette" "--remote-debugging-port" "60883" "--remote-allow-hosts" "localhost" "-no-remote" "-profile" "/tmp/rust_mozprofilePzSd4y"
Gtk-Message: 13:43:44.386: Failed to load module "canberra-gtk-module"
Gtk-Message: 13:43:44.387: Failed to load module "canberra-gtk-module"
[GFX1-]: glxtest: VA-API test failed: failed to initialise VAAPI connection.
ATTENTION: default value of option mesa_glthread overridden by environment.
1661147024784	Marionette	INFO	Marionette enabled
1661147024786	Marionette	INFO	Listening on port 36093
WebDriver BiDi listening on ws://localhost:60883
Read port: 36093
1661147024896	RemoteAgent	WARN	TLS certificate errors will be ignored for this session
console.warn: SearchSettings: "get: No settings file exists, new profile?" (new NotFoundError("Could not open the file at /tmp/rust_mozprofilePzSd4y/search.json.mozlz4", (void 0)))
Missing chrome or resource URL: resource://gre/modules/UpdateListener.jsm
Missing chrome or resource URL: resource://gre/modules/UpdateListener.sys.mjs
DevTools listening on ws://localhost:60883/devtools/browser/ae538c5e-f1a8-4487-b8dd-9b15b66ef859
JavaScript error: resource://gre/modules/URIFixup.jsm, line 278: NS_ERROR_FAILURE: Should pass a non-null uri
1661147182945	geckodriver	INFO	Listening on 127.0.0.1:45465
1661147183324	mozrunner::runner	INFO	Running command: "/snap/firefox/current/firefox.launcher" "--marionette" "--remote-debugging-port" "47763" "--remote-allow-hosts" "localhost" "-no-remote" "-profile" "/tmp/rust_mozprofileS05LRC"
Gtk-Message: 13:46:23.396: Failed to load module "canberra-gtk-module"
Gtk-Message: 13:46:23.397: Failed to load module "canberra-gtk-module"
[GFX1-]: glxtest: VA-API test failed: failed to initialise VAAPI connection.
ATTENTION: default value of option mesa_glthread overridden by environment.
1661147183798	Marionette	INFO	Marionette enabled
1661147183801	Marionette	INFO	Listening on port 42081
WebDriver BiDi listening on ws://localhost:47763
Read port: 42081
1661147183903	RemoteAgent	WARN	TLS certificate errors will be ignored for this session
console.warn: SearchSettings: "get: No settings file exists, new profile?" (new NotFoundError("Could not open the file at /tmp/rust_mozprofileS05LRC/search.json.mozlz4", (void 0)))
Missing chrome or resource URL: resource://gre/modules/UpdateListener.jsm
Missing chrome or resource URL: resource://gre/modules/UpdateListener.sys.mjs
DevTools listening on ws://localhost:47763/devtools/browser/adf72e9c-d978-4f7e-92f5-277315854074
Missing chrome or resource URL: resource://gre/modules/UpdateListener.jsm
Missing chrome or resource URL: resource://gre/modules/UpdateListener.sys.mjs
console.error: "Error during quit-application-granted: [Exception... \"File error: Not found\"  nsresult: \"0x80520012 (NS_ERROR_FILE_NOT_FOUND)\"  location: \"JS frame :: resource:///modules/BrowserGlue.jsm :: _onQuitApplicationGranted/tasks< :: line 2006\"  data: no]"
1661147207443	Marionette	INFO	Stopped listening on port 42081
console.warn: TopSitesFeed: Failed to fetch data from Contile server: NetworkError when attempting to fetch resource.
1661147213246	geckodriver	INFO	Listening on 127.0.0.1:55521
1661147213829	mozrunner::runner	INFO	Running command: "/snap/firefox/current/firefox.launcher" "--marionette" "--remote-debugging-port" "58477" "--remote-allow-hosts" "localhost" "-no-remote" "-profile" "/tmp/rust_mozprofileKk7Eaq"
Gtk-Message: 13:46:53.922: Failed to load module "canberra-gtk-module"
Gtk-Message: 13:46:53.924: Failed to load module "canberra-gtk-module"
[GFX1-]: glxtest: VA-API test failed: failed to initialise VAAPI connection.
ATTENTION: default value of option mesa_glthread overridden by environment.
1661147214355	Marionette	INFO	Marionette enabled
1661147214358	Marionette	INFO	Listening on port 33567
WebDriver BiDi listening on ws://localhost:58477
Read port: 33567
1661147214480	RemoteAgent	WARN	TLS certificate errors will be ignored for this session
console.warn: SearchSettings: "get: No settings file exists, new profile?" (new NotFoundError("Could not open the file at /tmp/rust_mozprofileKk7Eaq/search.json.mozlz4", (void 0)))
Missing chrome or resource URL: resource://gre/modules/UpdateListener.jsm
Missing chrome or resource URL: resource://gre/modules/UpdateListener.sys.mjs
DevTools listening on ws://localhost:58477/devtools/browser/d2f5870c-50c7-42c2-930b-81ac9da47671
Missing chrome or resource URL: resource://gre/modules/UpdateListener.jsm
Missing chrome or resource URL: resource://gre/modules/UpdateListener.sys.mjs
console.error: "Error during quit-application-granted: [Exception... \"File error: Not found\"  nsresult: \"0x80520012 (NS_ERROR_FILE_NOT_FOUND)\"  location: \"JS frame :: resource:///modules/BrowserGlue.jsm :: _onQuitApplicationGranted/tasks< :: line 2006\"  data: no]"
1661147247667	Marionette	INFO	Stopped listening on port 33567
console.warn: TopSitesFeed: Failed to fetch data from Contile server: NetworkError when attempting to fetch resource.
Missing chrome or resource URL: resource://gre/modules/UpdateListener.jsm
Missing chrome or resource URL: resource://gre/modules/UpdateListener.sys.mjs
console.error: "Error during quit-application-granted: [Exception... \"File error: Not found\"  nsresult: \"0x80520012 (NS_ERROR_FILE_NOT_FOUND)\"  location: \"JS frame :: resource:///modules/BrowserGlue.jsm :: _onQuitApplicationGranted/tasks< :: line 2006\"  data: no]"
1661147251239	Marionette	INFO	Stopped listening on port 36093
console.warn: TopSitesFeed: Failed to fetch data from Contile server: NetworkError when attempting to fetch resource.
1661147257227	geckodriver	INFO	Listening on 127.0.0.1:37551
1661147257574	mozrunner::runner	INFO	Running command: "/snap/firefox/current/firefox.launcher" "--marionette" "--remote-debugging-port" "53387" "--remote-allow-hosts" "localhost" "-no-remote" "-profile" "/tmp/rust_mozprofilezXm7fA"
Gtk-Message: 13:47:37.646: Failed to load module "canberra-gtk-module"
Gtk-Message: 13:47:37.647: Failed to load module "canberra-gtk-module"
[GFX1-]: glxtest: VA-API test failed: failed to initialise VAAPI connection.
ATTENTION: default value of option mesa_glthread overridden by environment.
1661147258072	Marionette	INFO	Marionette enabled
1661147258074	Marionette	INFO	Listening on port 33517
Read port: 33517
WebDriver BiDi listening on ws://localhost:53387
1661147258185	RemoteAgent	WARN	TLS certificate errors will be ignored for this session
console.warn: SearchSettings: "get: No settings file exists, new profile?" (new NotFoundError("Could not open the file at /tmp/rust_mozprofilezXm7fA/search.json.mozlz4", (void 0)))
Missing chrome or resource URL: resource://gre/modules/UpdateListener.jsm
Missing chrome or resource URL: resource://gre/modules/UpdateListener.sys.mjs
DevTools listening on ws://localhost:53387/devtools/browser/6a50446a-d005-4a95-ac11-829c334c8f64
console.warn: LoginRecipes: "getRecipes: falling back to a synchronous message for:" "https://www.railway.gov.tw"
1661147299070	geckodriver	INFO	Listening on 127.0.0.1:53735
1661147299507	mozrunner::runner	INFO	Running command: "/snap/firefox/current/firefox.launcher" "--marionette" "--remote-debugging-port" "42203" "--remote-allow-hosts" "localhost" "-no-remote" "-profile" "/tmp/rust_mozprofileQAQcx8"
Gtk-Message: 13:48:19.577: Failed to load module "canberra-gtk-module"
Gtk-Message: 13:48:19.578: Failed to load module "canberra-gtk-module"
[GFX1-]: glxtest: VA-API test failed: failed to initialise VAAPI connection.
ATTENTION: default value of option mesa_glthread overridden by environment.
1661147299994	Marionette	INFO	Marionette enabled
1661147299997	Marionette	INFO	Listening on port 42717
WebDriver BiDi listening on ws://localhost:42203
Read port: 42717
1661147300109	RemoteAgent	WARN	TLS certificate errors will be ignored for this session
console.warn: SearchSettings: "get: No settings file exists, new profile?" (new NotFoundError("Could not open the file at /tmp/rust_mozprofileQAQcx8/search.json.mozlz4", (void 0)))
Missing chrome or resource URL: resource://gre/modules/UpdateListener.jsm
Missing chrome or resource URL: resource://gre/modules/UpdateListener.sys.mjs
DevTools listening on ws://localhost:42203/devtools/browser/0323a3f0-fb86-4433-8712-94cc2bba94f1
Missing chrome or resource URL: resource://gre/modules/UpdateListener.jsm
Missing chrome or resource URL: resource://gre/modules/UpdateListener.sys.mjs
console.error: "Error during quit-application-granted: [Exception... \"File error: Not found\"  nsresult: \"0x80520012 (NS_ERROR_FILE_NOT_FOUND)\"  location: \"JS frame :: resource:///modules/BrowserGlue.jsm :: _onQuitApplicationGranted/tasks< :: line 2006\"  data: no]"
1661147306837	Marionette	INFO	Stopped listening on port 42717
console.warn: TopSitesFeed: Failed to fetch data from Contile server: NetworkError when attempting to fetch resource.
JavaScript error: resource://gre/modules/AsyncShutdown.jsm, line 577: NotFoundError: No such JSWindowActor 'DevToolsFrame'
JavaScript error: resource://gre/modules/AsyncShutdown.jsm, line 577: NotFoundError: No such JSWindowActor 'DevToolsFrame'
JavaScript error: resource://gre/modules/AsyncShutdown.jsm, line 577: NotFoundError: No such JSWindowActor 'DevToolsFrame'
JavaScript error: resource://gre/modules/AsyncShutdown.jsm, line 577: NotFoundError: No such JSWindowActor 'DevToolsFrame'
JavaScript error: resource://gre/modules/AsyncShutdown.jsm, line 577: NotFoundError: No such JSWindowActor 'DevToolsFrame'
Missing chrome or resource URL: resource://gre/modules/UpdateListener.jsm
Missing chrome or resource URL: resource://gre/modules/UpdateListener.sys.mjs
console.error: "Error during quit-application-granted: [Exception... \"File error: Not found\"  nsresult: \"0x80520012 (NS_ERROR_FILE_NOT_FOUND)\"  location: \"JS frame :: resource:///modules/BrowserGlue.jsm :: _onQuitApplicationGranted/tasks< :: line 2006\"  data: no]"
1661147311608	Marionette	INFO	Stopped listening on port 33517
1661147321006	geckodriver	INFO	Listening on 127.0.0.1:37287
1661147321263	mozrunner::runner	INFO	Running command: "/snap/firefox/current/firefox.launcher" "--marionette" "--remote-debugging-port" "38183" "--remote-allow-hosts" "localhost" "-no-remote" "-profile" "/tmp/rust_mozprofile7Ca3dB"
Gtk-Message: 13:48:41.335: Failed to load module "canberra-gtk-module"
Gtk-Message: 13:48:41.336: Failed to load module "canberra-gtk-module"
[GFX1-]: glxtest: VA-API test failed: failed to initialise VAAPI connection.
ATTENTION: default value of option mesa_glthread overridden by environment.
1661147321775	Marionette	INFO	Marionette enabled
1661147321778	Marionette	INFO	Listening on port 46665
WebDriver BiDi listening on ws://localhost:38183
Read port: 46665
1661147321982	RemoteAgent	WARN	TLS certificate errors will be ignored for this session
console.warn: SearchSettings: "get: No settings file exists, new profile?" (new NotFoundError("Could not open the file at /tmp/rust_mozprofile7Ca3dB/search.json.mozlz4", (void 0)))
Missing chrome or resource URL: resource://gre/modules/UpdateListener.jsm
Missing chrome or resource URL: resource://gre/modules/UpdateListener.sys.mjs
DevTools listening on ws://localhost:38183/devtools/browser/8953b0cc-c74a-4c9a-91ba-485f255b13df
console.warn: LoginRecipes: "getRecipes: falling back to a synchronous message for:" "https://www.railway.gov.tw"
1661147402232	geckodriver	INFO	Listening on 127.0.0.1:56621
1661147402671	mozrunner::runner	INFO	Running command: "/snap/firefox/current/firefox.launcher" "--marionette" "--remote-debugging-port" "52801" "--remote-allow-hosts" "localhost" "-no-remote" "-profile" "/tmp/rust_mozprofilelC0xXU"
Gtk-Message: 13:50:02.744: Failed to load module "canberra-gtk-module"
Gtk-Message: 13:50:02.745: Failed to load module "canberra-gtk-module"
[GFX1-]: glxtest: VA-API test failed: failed to initialise VAAPI connection.
ATTENTION: default value of option mesa_glthread overridden by environment.
1661147403163	Marionette	INFO	Marionette enabled
1661147403165	Marionette	INFO	Listening on port 33345
WebDriver BiDi listening on ws://localhost:52801
Read port: 33345
1661147403259	RemoteAgent	WARN	TLS certificate errors will be ignored for this session
console.warn: SearchSettings: "get: No settings file exists, new profile?" (new NotFoundError("Could not open the file at /tmp/rust_mozprofilelC0xXU/search.json.mozlz4", (void 0)))
Missing chrome or resource URL: resource://gre/modules/UpdateListener.jsm
Missing chrome or resource URL: resource://gre/modules/UpdateListener.sys.mjs
DevTools listening on ws://localhost:52801/devtools/browser/859864ba-4c1d-4d2a-bf82-9509ac539b78
JavaScript error: resource://gre/modules/URIFixup.jsm, line 278: NS_ERROR_FAILURE: Should pass a non-null uri
Missing chrome or resource URL: resource://gre/modules/UpdateListener.jsm
Missing chrome or resource URL: resource://gre/modules/UpdateListener.sys.mjs
console.error: "Error during quit-application-granted: [Exception... \"File error: Not found\"  nsresult: \"0x80520012 (NS_ERROR_FILE_NOT_FOUND)\"  location: \"JS frame :: resource:///modules/BrowserGlue.jsm :: _onQuitApplicationGranted/tasks< :: line 2006\"  data: no]"
1661147420866	Marionette	INFO	Stopped listening on port 33345
console.warn: TopSitesFeed: Failed to fetch data from Contile server: NetworkError when attempting to fetch resource.
1661147445804	geckodriver	INFO	Listening on 127.0.0.1:48675
1661147446018	mozrunner::runner	INFO	Running command: "/snap/firefox/current/firefox.launcher" "--marionette" "--remote-debugging-port" "39881" "--remote-allow-hosts" "localhost" "-no-remote" "-profile" "/tmp/rust_mozprofileA8Wa7Y"
Gtk-Message: 13:50:46.091: Failed to load module "canberra-gtk-module"
Gtk-Message: 13:50:46.092: Failed to load module "canberra-gtk-module"
[GFX1-]: glxtest: VA-API test failed: failed to initialise VAAPI connection.
ATTENTION: default value of option mesa_glthread overridden by environment.
1661147446489	Marionette	INFO	Marionette enabled
1661147446491	Marionette	INFO	Listening on port 45731
WebDriver BiDi listening on ws://localhost:39881
Read port: 45731
1661147446599	RemoteAgent	WARN	TLS certificate errors will be ignored for this session
console.warn: SearchSettings: "get: No settings file exists, new profile?" (new NotFoundError("Could not open the file at /tmp/rust_mozprofileA8Wa7Y/search.json.mozlz4", (void 0)))
Missing chrome or resource URL: resource://gre/modules/UpdateListener.jsm
Missing chrome or resource URL: resource://gre/modules/UpdateListener.sys.mjs
DevTools listening on ws://localhost:39881/devtools/browser/f4c1911c-5679-42f1-bcb4-83782203930e
Missing chrome or resource URL: resource://gre/modules/UpdateListener.jsm
Missing chrome or resource URL: resource://gre/modules/UpdateListener.sys.mjs
console.error: "Error during quit-application-granted: [Exception... \"File error: Not found\"  nsresult: \"0x80520012 (NS_ERROR_FILE_NOT_FOUND)\"  location: \"JS frame :: resource:///modules/BrowserGlue.jsm :: _onQuitApplicationGranted/tasks< :: line 2006\"  data: no]"
1661147530864	Marionette	INFO	Stopped listening on port 45731
console.warn: TopSitesFeed: Failed to fetch data from Contile server: NetworkError when attempting to fetch resource.
1661147533602	geckodriver	INFO	Listening on 127.0.0.1:36981
1661147533974	mozrunner::runner	INFO	Running command: "/snap/firefox/current/firefox.launcher" "--marionette" "--remote-debugging-port" "44373" "--remote-allow-hosts" "localhost" "-no-remote" "-profile" "/tmp/rust_mozprofile06coc5"
Gtk-Message: 13:52:14.051: Failed to load module "canberra-gtk-module"
Gtk-Message: 13:52:14.052: Failed to load module "canberra-gtk-module"
[GFX1-]: glxtest: VA-API test failed: failed to initialise VAAPI connection.
ATTENTION: default value of option mesa_glthread overridden by environment.
1661147534484	Marionette	INFO	Marionette enabled
1661147534486	Marionette	INFO	Listening on port 43913
WebDriver BiDi listening on ws://localhost:44373
Read port: 43913
1661147534697	RemoteAgent	WARN	TLS certificate errors will be ignored for this session
console.warn: SearchSettings: "get: No settings file exists, new profile?" (new NotFoundError("Could not open the file at /tmp/rust_mozprofile06coc5/search.json.mozlz4", (void 0)))
Missing chrome or resource URL: resource://gre/modules/UpdateListener.jsm
Missing chrome or resource URL: resource://gre/modules/UpdateListener.sys.mjs
DevTools listening on ws://localhost:44373/devtools/browser/9d73e2e6-c24f-4688-a73a-633f0506d6a8
Missing chrome or resource URL: resource://gre/modules/UpdateListener.jsm
Missing chrome or resource URL: resource://gre/modules/UpdateListener.sys.mjs
console.error: "Error during quit-application-granted: [Exception... \"File error: Not found\"  nsresult: \"0x80520012 (NS_ERROR_FILE_NOT_FOUND)\"  location: \"JS frame :: resource:///modules/BrowserGlue.jsm :: _onQuitApplicationGranted/tasks< :: line 2006\"  data: no]"
1661147552023	Marionette	INFO	Stopped listening on port 43913
console.warn: TopSitesFeed: Failed to fetch data from Contile server: NetworkError when attempting to fetch resource.
JavaScript error: resource://gre/modules/AsyncShutdown.jsm, line 577: NotFoundError: No such JSWindowActor 'DevToolsFrame'
JavaScript error: resource://gre/modules/AsyncShutdown.jsm, line 577: NotFoundError: No such JSWindowActor 'DevToolsFrame'
JavaScript error: resource://gre/modules/AsyncShutdown.jsm, line 577: NotFoundError: No such JSWindowActor 'DevToolsFrame'
JavaScript error: resource://gre/modules/AsyncShutdown.jsm, line 577: NotFoundError: No such JSWindowActor 'DevToolsFrame'
JavaScript error: resource://gre/modules/AsyncShutdown.jsm, line 577: NotFoundError: No such JSWindowActor 'DevToolsFrame'
Missing chrome or resource URL: resource://gre/modules/UpdateListener.jsm
Missing chrome or resource URL: resource://gre/modules/UpdateListener.sys.mjs
console.error: "Error during quit-application-granted: [Exception... \"File error: Not found\"  nsresult: \"0x80520012 (NS_ERROR_FILE_NOT_FOUND)\"  location: \"JS frame :: resource:///modules/BrowserGlue.jsm :: _onQuitApplicationGranted/tasks< :: line 2006\"  data: no]"
1661147560005	Marionette	INFO	Stopped listening on port 46665
1661147566023	geckodriver	INFO	Listening on 127.0.0.1:32775
1661147566454	mozrunner::runner	INFO	Running command: "/snap/firefox/current/firefox.launcher" "--marionette" "--remote-debugging-port" "44013" "--remote-allow-hosts" "localhost" "-no-remote" "-profile" "/tmp/rust_mozprofileQHMkW5"
Gtk-Message: 13:52:46.524: Failed to load module "canberra-gtk-module"
Gtk-Message: 13:52:46.525: Failed to load module "canberra-gtk-module"
[GFX1-]: glxtest: VA-API test failed: failed to initialise VAAPI connection.
ATTENTION: default value of option mesa_glthread overridden by environment.
1661147566951	Marionette	INFO	Marionette enabled
1661147566953	Marionette	INFO	Listening on port 38495
WebDriver BiDi listening on ws://localhost:44013
Read port: 38495
1661147567060	RemoteAgent	WARN	TLS certificate errors will be ignored for this session
console.warn: SearchSettings: "get: No settings file exists, new profile?" (new NotFoundError("Could not open the file at /tmp/rust_mozprofileQHMkW5/search.json.mozlz4", (void 0)))
Missing chrome or resource URL: resource://gre/modules/UpdateListener.jsm
Missing chrome or resource URL: resource://gre/modules/UpdateListener.sys.mjs
DevTools listening on ws://localhost:44013/devtools/browser/2c24f26b-af0d-43c7-a8ac-84859c3aa5ec
1661147898765	geckodriver	INFO	Listening on 127.0.0.1:37117
1661147899210	mozrunner::runner	INFO	Running command: "/snap/firefox/current/firefox.launcher" "--marionette" "--remote-debugging-port" "44441" "--remote-allow-hosts" "localhost" "-no-remote" "-profile" "/tmp/rust_mozprofilehn9Fvd"
Gtk-Message: 13:58:19.271: Failed to load module "canberra-gtk-module"
Gtk-Message: 13:58:19.272: Failed to load module "canberra-gtk-module"
[GFX1-]: glxtest: VA-API test failed: failed to initialise VAAPI connection.
ATTENTION: default value of option mesa_glthread overridden by environment.
1661147899692	Marionette	INFO	Marionette enabled
1661147899694	Marionette	INFO	Listening on port 44525
WebDriver BiDi listening on ws://localhost:44441
Read port: 44525
1661147899805	RemoteAgent	WARN	TLS certificate errors will be ignored for this session
console.warn: SearchSettings: "get: No settings file exists, new profile?" (new NotFoundError("Could not open the file at /tmp/rust_mozprofilehn9Fvd/search.json.mozlz4", (void 0)))
Missing chrome or resource URL: resource://gre/modules/UpdateListener.jsm
Missing chrome or resource URL: resource://gre/modules/UpdateListener.sys.mjs
DevTools listening on ws://localhost:44441/devtools/browser/02c90357-e265-4f22-8ca2-a109890e2259
console.warn: LoginRecipes: "getRecipes: falling back to a synchronous message for:" "https://www.railway.gov.tw"
1661147966511	geckodriver	INFO	Listening on 127.0.0.1:35541
1661147966849	mozrunner::runner	INFO	Running command: "/snap/firefox/current/firefox.launcher" "--marionette" "--remote-debugging-port" "49829" "--remote-allow-hosts" "localhost" "-no-remote" "-profile" "/tmp/rust_mozprofileV8TTif"
Gtk-Message: 13:59:26.926: Failed to load module "canberra-gtk-module"
Gtk-Message: 13:59:26.928: Failed to load module "canberra-gtk-module"
[GFX1-]: glxtest: VA-API test failed: failed to initialise VAAPI connection.
ATTENTION: default value of option mesa_glthread overridden by environment.
1661147967375	Marionette	INFO	Marionette enabled
1661147967378	Marionette	INFO	Listening on port 37173
WebDriver BiDi listening on ws://localhost:49829
Read port: 37173
1661147967520	RemoteAgent	WARN	TLS certificate errors will be ignored for this session
console.warn: SearchSettings: "get: No settings file exists, new profile?" (new NotFoundError("Could not open the file at /tmp/rust_mozprofileV8TTif/search.json.mozlz4", (void 0)))
Missing chrome or resource URL: resource://gre/modules/UpdateListener.jsm
Missing chrome or resource URL: resource://gre/modules/UpdateListener.sys.mjs
DevTools listening on ws://localhost:49829/devtools/browser/998c7f98-788f-453d-a2bc-24b8d0130e7d
JavaScript error: resource://gre/modules/URIFixup.jsm, line 278: NS_ERROR_FAILURE: Should pass a non-null uri
Missing chrome or resource URL: resource://gre/modules/UpdateListener.jsm
Missing chrome or resource URL: resource://gre/modules/UpdateListener.sys.mjs
console.error: "Error during quit-application-granted: [Exception... \"File error: Not found\"  nsresult: \"0x80520012 (NS_ERROR_FILE_NOT_FOUND)\"  location: \"JS frame :: resource:///modules/BrowserGlue.jsm :: _onQuitApplicationGranted/tasks< :: line 2006\"  data: no]"
1661147976178	Marionette	INFO	Stopped listening on port 37173
console.warn: TopSitesFeed: Failed to fetch data from Contile server: NetworkError when attempting to fetch resource.
Missing chrome or resource URL: resource://gre/modules/UpdateListener.jsm
Missing chrome or resource URL: resource://gre/modules/UpdateListener.sys.mjs
console.error: "Error during quit-application-granted: [Exception... \"File error: Not found\"  nsresult: \"0x80520012 (NS_ERROR_FILE_NOT_FOUND)\"  location: \"JS frame :: resource:///modules/BrowserGlue.jsm :: _onQuitApplicationGranted/tasks< :: line 2006\"  data: no]"
1661147991954	Marionette	INFO	Stopped listening on port 38495
console.warn: TopSitesFeed: Failed to fetch data from Contile server: NetworkError when attempting to fetch resource.
JavaScript error: resource://gre/modules/AsyncShutdown.jsm, line 577: NotFoundError: No such JSWindowActor 'DevToolsFrame'
JavaScript error: resource://gre/modules/AsyncShutdown.jsm, line 577: NotFoundError: No such JSWindowActor 'DevToolsFrame'
JavaScript error: resource://gre/modules/AsyncShutdown.jsm, line 577: NotFoundError: No such JSWindowActor 'DevToolsFrame'
JavaScript error: resource://gre/modules/AsyncShutdown.jsm, line 577: NotFoundError: No such JSWindowActor 'DevToolsFrame'
JavaScript error: resource://gre/modules/AsyncShutdown.jsm, line 577: NotFoundError: No such JSWindowActor 'DevToolsFrame'
Missing chrome or resource URL: resource://gre/modules/UpdateListener.jsm
Missing chrome or resource URL: resource://gre/modules/UpdateListener.sys.mjs
console.error: "Error during quit-application-granted: [Exception... \"File error: Not found\"  nsresult: \"0x80520012 (NS_ERROR_FILE_NOT_FOUND)\"  location: \"JS frame :: resource:///modules/BrowserGlue.jsm :: _onQuitApplicationGranted/tasks< :: line 2006\"  data: no]"
1661147995801	Marionette	INFO	Stopped listening on port 44525
1661148032815	geckodriver	INFO	Listening on 127.0.0.1:49017
1661148033043	mozrunner::runner	INFO	Running command: "/snap/firefox/current/firefox.launcher" "--marionette" "--remote-debugging-port" "39243" "--remote-allow-hosts" "localhost" "-no-remote" "-profile" "/tmp/rust_mozprofile1uYObC"
Gtk-Message: 14:00:33.150: Failed to load module "canberra-gtk-module"
Gtk-Message: 14:00:33.152: Failed to load module "canberra-gtk-module"
[GFX1-]: glxtest: VA-API test failed: failed to initialise VAAPI connection.
ATTENTION: default value of option mesa_glthread overridden by environment.
1661148033610	Marionette	INFO	Marionette enabled
1661148033613	Marionette	INFO	Listening on port 40097
WebDriver BiDi listening on ws://localhost:39243
Read port: 40097
1661148033724	RemoteAgent	WARN	TLS certificate errors will be ignored for this session
console.warn: SearchSettings: "get: No settings file exists, new profile?" (new NotFoundError("Could not open the file at /tmp/rust_mozprofile1uYObC/search.json.mozlz4", (void 0)))
Missing chrome or resource URL: resource://gre/modules/UpdateListener.jsm
Missing chrome or resource URL: resource://gre/modules/UpdateListener.sys.mjs
DevTools listening on ws://localhost:39243/devtools/browser/017a9322-3b2b-43c6-994d-8f9de212eb5e
JavaScript error: resource://gre/modules/URIFixup.jsm, line 278: NS_ERROR_FAILURE: Should pass a non-null uri
1661148068740	geckodriver	INFO	Listening on 127.0.0.1:41007
1661148069192	mozrunner::runner	INFO	Running command: "/snap/firefox/current/firefox.launcher" "--marionette" "--remote-debugging-port" "34205" "--remote-allow-hosts" "localhost" "-no-remote" "-profile" "/tmp/rust_mozprofileTnQQRm"
Gtk-Message: 14:01:09.258: Failed to load module "canberra-gtk-module"
Gtk-Message: 14:01:09.259: Failed to load module "canberra-gtk-module"
[GFX1-]: glxtest: VA-API test failed: failed to initialise VAAPI connection.
ATTENTION: default value of option mesa_glthread overridden by environment.
1661148069677	Marionette	INFO	Marionette enabled
1661148069679	Marionette	INFO	Listening on port 35281
WebDriver BiDi listening on ws://localhost:34205
Read port: 35281
1661148069789	RemoteAgent	WARN	TLS certificate errors will be ignored for this session
console.warn: SearchSettings: "get: No settings file exists, new profile?" (new NotFoundError("Could not open the file at /tmp/rust_mozprofileTnQQRm/search.json.mozlz4", (void 0)))
Missing chrome or resource URL: resource://gre/modules/UpdateListener.jsm
Missing chrome or resource URL: resource://gre/modules/UpdateListener.sys.mjs
DevTools listening on ws://localhost:34205/devtools/browser/4e2ddad3-746d-4eae-a240-54b4e67de085
1661148172459	geckodriver	INFO	Listening on 127.0.0.1:47647
1661148172910	mozrunner::runner	INFO	Running command: "/snap/firefox/current/firefox.launcher" "--marionette" "--remote-debugging-port" "49785" "--remote-allow-hosts" "localhost" "-no-remote" "-profile" "/tmp/rust_mozprofile8dnaHZ"
Gtk-Message: 14:02:52.978: Failed to load module "canberra-gtk-module"
Gtk-Message: 14:02:52.979: Failed to load module "canberra-gtk-module"
[GFX1-]: glxtest: VA-API test failed: failed to initialise VAAPI connection.
ATTENTION: default value of option mesa_glthread overridden by environment.
1661148173383	Marionette	INFO	Marionette enabled
1661148173385	Marionette	INFO	Listening on port 39661
WebDriver BiDi listening on ws://localhost:49785
Read port: 39661
1661148173485	RemoteAgent	WARN	TLS certificate errors will be ignored for this session
console.warn: SearchSettings: "get: No settings file exists, new profile?" (new NotFoundError("Could not open the file at /tmp/rust_mozprofile8dnaHZ/search.json.mozlz4", (void 0)))
Missing chrome or resource URL: resource://gre/modules/UpdateListener.jsm
Missing chrome or resource URL: resource://gre/modules/UpdateListener.sys.mjs
DevTools listening on ws://localhost:49785/devtools/browser/e51c6c4a-c4ec-40b2-bb73-4f2d7adf92de
Missing chrome or resource URL: resource://gre/modules/UpdateListener.jsm
Missing chrome or resource URL: resource://gre/modules/UpdateListener.sys.mjs
console.error: "Error during quit-application-granted: [Exception... \"File error: Not found\"  nsresult: \"0x80520012 (NS_ERROR_FILE_NOT_FOUND)\"  location: \"JS frame :: resource:///modules/BrowserGlue.jsm :: _onQuitApplicationGranted/tasks< :: line 2006\"  data: no]"
1661148183018	Marionette	INFO	Stopped listening on port 39661
console.warn: TopSitesFeed: Failed to fetch data from Contile server: NetworkError when attempting to fetch resource.
Missing chrome or resource URL: resource://gre/modules/UpdateListener.jsm
Missing chrome or resource URL: resource://gre/modules/UpdateListener.sys.mjs
console.error: "Error during quit-application-granted: [Exception... \"File error: Not found\"  nsresult: \"0x80520012 (NS_ERROR_FILE_NOT_FOUND)\"  location: \"JS frame :: resource:///modules/BrowserGlue.jsm :: _onQuitApplicationGranted/tasks< :: line 2006\"  data: no]"
1661148187294	Marionette	INFO	Stopped listening on port 35281
console.warn: TopSitesFeed: Failed to fetch data from Contile server: NetworkError when attempting to fetch resource.
Missing chrome or resource URL: resource://gre/modules/UpdateListener.jsm
Missing chrome or resource URL: resource://gre/modules/UpdateListener.sys.mjs
console.error: "Error during quit-application-granted: [Exception... \"File error: Not found\"  nsresult: \"0x80520012 (NS_ERROR_FILE_NOT_FOUND)\"  location: \"JS frame :: resource:///modules/BrowserGlue.jsm :: _onQuitApplicationGranted/tasks< :: line 2006\"  data: no]"
1661148190318	Marionette	INFO	Stopped listening on port 40097
console.warn: TopSitesFeed: Failed to fetch data from Contile server: NetworkError when attempting to fetch resource.
1661148369520	geckodriver	INFO	Listening on 127.0.0.1:49233
1661148369702	mozrunner::runner	INFO	Running command: "/snap/firefox/current/firefox.launcher" "--marionette" "--remote-debugging-port" "46375" "--remote-allow-hosts" "localhost" "-no-remote" "-profile" "/tmp/rust_mozprofile9u9eHf"
Gtk-Message: 14:06:09.774: Failed to load module "canberra-gtk-module"
Gtk-Message: 14:06:09.775: Failed to load module "canberra-gtk-module"
[GFX1-]: glxtest: VA-API test failed: failed to initialise VAAPI connection.
ATTENTION: default value of option mesa_glthread overridden by environment.
1661148370199	Marionette	INFO	Marionette enabled
1661148370201	Marionette	INFO	Listening on port 46647
Read port: 46647
WebDriver BiDi listening on ws://localhost:46375
1661148370324	RemoteAgent	WARN	TLS certificate errors will be ignored for this session
console.warn: SearchSettings: "get: No settings file exists, new profile?" (new NotFoundError("Could not open the file at /tmp/rust_mozprofile9u9eHf/search.json.mozlz4", (void 0)))
Missing chrome or resource URL: resource://gre/modules/UpdateListener.jsm
Missing chrome or resource URL: resource://gre/modules/UpdateListener.sys.mjs
DevTools listening on ws://localhost:46375/devtools/browser/343afec4-d370-42f7-84f4-2c43ad88a97e
1661148427172	geckodriver	INFO	Listening on 127.0.0.1:39871
1661148427594	mozrunner::runner	INFO	Running command: "/snap/firefox/current/firefox.launcher" "--marionette" "--remote-debugging-port" "60217" "--remote-allow-hosts" "localhost" "-no-remote" "-profile" "/tmp/rust_mozprofileBPjMQ6"
Gtk-Message: 14:07:07.671: Failed to load module "canberra-gtk-module"
Gtk-Message: 14:07:07.672: Failed to load module "canberra-gtk-module"
[GFX1-]: glxtest: VA-API test failed: failed to initialise VAAPI connection.
ATTENTION: default value of option mesa_glthread overridden by environment.
1661148428066	Marionette	INFO	Marionette enabled
1661148428069	Marionette	INFO	Listening on port 45241
WebDriver BiDi listening on ws://localhost:60217
Read port: 45241
1661148428171	RemoteAgent	WARN	TLS certificate errors will be ignored for this session
console.warn: SearchSettings: "get: No settings file exists, new profile?" (new NotFoundError("Could not open the file at /tmp/rust_mozprofileBPjMQ6/search.json.mozlz4", (void 0)))
Missing chrome or resource URL: resource://gre/modules/UpdateListener.jsm
Missing chrome or resource URL: resource://gre/modules/UpdateListener.sys.mjs
DevTools listening on ws://localhost:60217/devtools/browser/be242851-b82e-406c-96ad-96fa6b65ee28
1661149147085	geckodriver	INFO	Listening on 127.0.0.1:59807
1661149147503	mozrunner::runner	INFO	Running command: "/snap/firefox/current/firefox.launcher" "--marionette" "--remote-debugging-port" "60207" "--remote-allow-hosts" "localhost" "-no-remote" "-profile" "/tmp/rust_mozprofileXfAyiC"
Gtk-Message: 14:19:07.573: Failed to load module "canberra-gtk-module"
Gtk-Message: 14:19:07.574: Failed to load module "canberra-gtk-module"
[GFX1-]: glxtest: VA-API test failed: failed to initialise VAAPI connection.
ATTENTION: default value of option mesa_glthread overridden by environment.
1661149147969	Marionette	INFO	Marionette enabled
1661149147972	Marionette	INFO	Listening on port 33717
WebDriver BiDi listening on ws://localhost:60207
Read port: 33717
1661149148053	RemoteAgent	WARN	TLS certificate errors will be ignored for this session
console.warn: SearchSettings: "get: No settings file exists, new profile?" (new NotFoundError("Could not open the file at /tmp/rust_mozprofileXfAyiC/search.json.mozlz4", (void 0)))
Missing chrome or resource URL: resource://gre/modules/UpdateListener.jsm
Missing chrome or resource URL: resource://gre/modules/UpdateListener.sys.mjs
DevTools listening on ws://localhost:60207/devtools/browser/e249037d-1d30-436f-b990-e8379f5ee446
Missing chrome or resource URL: resource://gre/modules/UpdateListener.jsm
Missing chrome or resource URL: resource://gre/modules/UpdateListener.sys.mjs
console.error: "Error during quit-application-granted: [Exception... \"File error: Not found\"  nsresult: \"0x80520012 (NS_ERROR_FILE_NOT_FOUND)\"  location: \"JS frame :: resource:///modules/BrowserGlue.jsm :: _onQuitApplicationGranted/tasks< :: line 2006\"  data: no]"
1661149163881	Marionette	INFO	Stopped listening on port 33717
console.warn: TopSitesFeed: Failed to fetch data from Contile server: NetworkError when attempting to fetch resource.
1661149235528	geckodriver	INFO	Listening on 127.0.0.1:53661
1661149235637	mozrunner::runner	INFO	Running command: "/snap/firefox/current/firefox.launcher" "--marionette" "--remote-debugging-port" "46853" "--remote-allow-hosts" "localhost" "-no-remote" "-profile" "/tmp/rust_mozprofileGGow83"
Gtk-Message: 14:20:35.714: Failed to load module "canberra-gtk-module"
Gtk-Message: 14:20:35.715: Failed to load module "canberra-gtk-module"
[GFX1-]: glxtest: VA-API test failed: failed to initialise VAAPI connection.
ATTENTION: default value of option mesa_glthread overridden by environment.
1661149236132	Marionette	INFO	Marionette enabled
1661149236135	Marionette	INFO	Listening on port 37935
WebDriver BiDi listening on ws://localhost:46853
Read port: 37935
1661149236264	RemoteAgent	WARN	TLS certificate errors will be ignored for this session
console.warn: SearchSettings: "get: No settings file exists, new profile?" (new NotFoundError("Could not open the file at /tmp/rust_mozprofileGGow83/search.json.mozlz4", (void 0)))
Missing chrome or resource URL: resource://gre/modules/UpdateListener.jsm
Missing chrome or resource URL: resource://gre/modules/UpdateListener.sys.mjs
DevTools listening on ws://localhost:46853/devtools/browser/5c3a1a70-cc3c-43cb-bad3-a5886b30a9d0
console.warn: LoginRecipes: "getRecipes: falling back to a synchronous message for:" "https://www.railway.gov.tw"
console.warn: LoginRecipes: "getRecipes: falling back to a synchronous message for:" "https://www.railway.gov.tw"
JavaScript error: resource://gre/modules/AsyncShutdown.jsm, line 577: NotFoundError: No such JSWindowActor 'DevToolsFrame'
Missing chrome or resource URL: resource://gre/modules/UpdateListener.jsm
Missing chrome or resource URL: resource://gre/modules/UpdateListener.sys.mjs
console.error: "Error during quit-application-granted: [Exception... \"File error: Not found\"  nsresult: \"0x80520012 (NS_ERROR_FILE_NOT_FOUND)\"  location: \"JS frame :: resource:///modules/BrowserGlue.jsm :: _onQuitApplicationGranted/tasks< :: line 2006\"  data: no]"
1661149388298	Marionette	INFO	Stopped listening on port 37935
1661149484435	geckodriver	INFO	Listening on 127.0.0.1:56095
1661149484916	mozrunner::runner	INFO	Running command: "/snap/firefox/current/firefox.launcher" "--marionette" "--remote-debugging-port" "43135" "--remote-allow-hosts" "localhost" "-no-remote" "-profile" "/tmp/rust_mozprofileyFCgIW"
Gtk-Message: 14:24:45.028: Failed to load module "canberra-gtk-module"
Gtk-Message: 14:24:45.032: Failed to load module "canberra-gtk-module"
[GFX1-]: glxtest: VA-API test failed: failed to initialise VAAPI connection.
ATTENTION: default value of option mesa_glthread overridden by environment.
1661149485504	Marionette	INFO	Marionette enabled
1661149485506	Marionette	INFO	Listening on port 36193
WebDriver BiDi listening on ws://localhost:43135
Read port: 36193
1661149485620	RemoteAgent	WARN	TLS certificate errors will be ignored for this session
console.warn: SearchSettings: "get: No settings file exists, new profile?" (new NotFoundError("Could not open the file at /tmp/rust_mozprofileyFCgIW/search.json.mozlz4", (void 0)))
Missing chrome or resource URL: resource://gre/modules/UpdateListener.jsm
Missing chrome or resource URL: resource://gre/modules/UpdateListener.sys.mjs
DevTools listening on ws://localhost:43135/devtools/browser/28daf03f-f9ac-4f5b-acf4-63e139920c6f
1661149737472	geckodriver	INFO	Listening on 127.0.0.1:48509
1661149737775	mozrunner::runner	INFO	Running command: "/snap/firefox/current/firefox.launcher" "--marionette" "--remote-debugging-port" "42087" "--remote-allow-hosts" "localhost" "-no-remote" "-profile" "/tmp/rust_mozprofileSyDzXF"
Gtk-Message: 14:28:57.860: Failed to load module "canberra-gtk-module"
Gtk-Message: 14:28:57.864: Failed to load module "canberra-gtk-module"
[GFX1-]: glxtest: VA-API test failed: failed to initialise VAAPI connection.
ATTENTION: default value of option mesa_glthread overridden by environment.
1661149738361	Marionette	INFO	Marionette enabled
1661149738364	Marionette	INFO	Listening on port 46857
WebDriver BiDi listening on ws://localhost:42087
Read port: 46857
1661149738475	RemoteAgent	WARN	TLS certificate errors will be ignored for this session
console.warn: SearchSettings: "get: No settings file exists, new profile?" (new NotFoundError("Could not open the file at /tmp/rust_mozprofileSyDzXF/search.json.mozlz4", (void 0)))
Missing chrome or resource URL: resource://gre/modules/UpdateListener.jsm
Missing chrome or resource URL: resource://gre/modules/UpdateListener.sys.mjs
DevTools listening on ws://localhost:42087/devtools/browser/d9b6d4f6-8177-4068-882a-3a4283e30301
Missing chrome or resource URL: resource://gre/modules/UpdateListener.jsm
Missing chrome or resource URL: resource://gre/modules/UpdateListener.sys.mjs
console.error: "Error during quit-application-granted: [Exception... \"File error: Not found\"  nsresult: \"0x80520012 (NS_ERROR_FILE_NOT_FOUND)\"  location: \"JS frame :: resource:///modules/BrowserGlue.jsm :: _onQuitApplicationGranted/tasks< :: line 2006\"  data: no]"
1661149758654	Marionette	INFO	Stopped listening on port 45241
console.warn: TopSitesFeed: Failed to fetch data from Contile server: NetworkError when attempting to fetch resource.
Missing chrome or resource URL: resource://gre/modules/UpdateListener.jsm
Missing chrome or resource URL: resource://gre/modules/UpdateListener.sys.mjs
console.error: "Error during quit-application-granted: [Exception... \"File error: Not found\"  nsresult: \"0x80520012 (NS_ERROR_FILE_NOT_FOUND)\"  location: \"JS frame :: resource:///modules/BrowserGlue.jsm :: _onQuitApplicationGranted/tasks< :: line 2006\"  data: no]"
1661149762099	Marionette	INFO	Stopped listening on port 36193
console.warn: TopSitesFeed: Failed to fetch data from Contile server: NetworkError when attempting to fetch resource.
Missing chrome or resource URL: resource://gre/modules/UpdateListener.jsm
Missing chrome or resource URL: resource://gre/modules/UpdateListener.sys.mjs
console.error: "Error during quit-application-granted: [Exception... \"File error: Not found\"  nsresult: \"0x80520012 (NS_ERROR_FILE_NOT_FOUND)\"  location: \"JS frame :: resource:///modules/BrowserGlue.jsm :: _onQuitApplicationGranted/tasks< :: line 2006\"  data: no]"
1661149766402	Marionette	INFO	Stopped listening on port 46857
console.warn: TopSitesFeed: Failed to fetch data from Contile server: NetworkError when attempting to fetch resource.
Missing chrome or resource URL: resource://gre/modules/UpdateListener.jsm
Missing chrome or resource URL: resource://gre/modules/UpdateListener.sys.mjs
console.error: "Error during quit-application-granted: [Exception... \"File error: Not found\"  nsresult: \"0x80520012 (NS_ERROR_FILE_NOT_FOUND)\"  location: \"JS frame :: resource:///modules/BrowserGlue.jsm :: _onQuitApplicationGranted/tasks< :: line 2006\"  data: no]"
1661149770108	Marionette	INFO	Stopped listening on port 46647
console.warn: TopSitesFeed: Failed to fetch data from Contile server: NetworkError when attempting to fetch resource.
1661149790311	geckodriver	INFO	Listening on 127.0.0.1:44201
1661149790575	mozrunner::runner	INFO	Running command: "/snap/firefox/current/firefox.launcher" "--marionette" "--remote-debugging-port" "47543" "--remote-allow-hosts" "localhost" "-no-remote" "-profile" "/tmp/rust_mozprofile6q7prG"
Gtk-Message: 14:29:50.683: Failed to load module "canberra-gtk-module"
Gtk-Message: 14:29:50.685: Failed to load module "canberra-gtk-module"
[GFX1-]: glxtest: VA-API test failed: failed to initialise VAAPI connection.
ATTENTION: default value of option mesa_glthread overridden by environment.
1661149791164	Marionette	INFO	Marionette enabled
1661149791167	Marionette	INFO	Listening on port 41927
WebDriver BiDi listening on ws://localhost:47543
Read port: 41927
1661149791285	RemoteAgent	WARN	TLS certificate errors will be ignored for this session
console.warn: SearchSettings: "get: No settings file exists, new profile?" (new NotFoundError("Could not open the file at /tmp/rust_mozprofile6q7prG/search.json.mozlz4", (void 0)))
Missing chrome or resource URL: resource://gre/modules/UpdateListener.jsm
Missing chrome or resource URL: resource://gre/modules/UpdateListener.sys.mjs
DevTools listening on ws://localhost:47543/devtools/browser/1507578c-4333-480e-8192-05d0f27de1a5
1661157747110	geckodriver	INFO	Listening on 127.0.0.1:45285
1661157747217	mozrunner::runner	INFO	Running command: "/snap/firefox/current/firefox.launcher" "--marionette" "--remote-debugging-port" "36511" "--remote-allow-hosts" "localhost" "-no-remote" "-profile" "/tmp/rust_mozprofilesi4UrU"
Gtk-Message: 16:42:27.283: Failed to load module "canberra-gtk-module"
Gtk-Message: 16:42:27.284: Failed to load module "canberra-gtk-module"
[GFX1-]: glxtest: VA-API test failed: failed to initialise VAAPI connection.
ATTENTION: default value of option mesa_glthread overridden by environment.
1661157747711	Marionette	INFO	Marionette enabled
1661157747714	Marionette	INFO	Listening on port 36447
WebDriver BiDi listening on ws://localhost:36511
Read port: 36447
1661157747832	RemoteAgent	WARN	TLS certificate errors will be ignored for this session
console.warn: SearchSettings: "get: No settings file exists, new profile?" (new NotFoundError("Could not open the file at /tmp/rust_mozprofilesi4UrU/search.json.mozlz4", (void 0)))
Missing chrome or resource URL: resource://gre/modules/UpdateListener.jsm
Missing chrome or resource URL: resource://gre/modules/UpdateListener.sys.mjs
DevTools listening on ws://localhost:36511/devtools/browser/546ea4f1-3405-49a4-8cda-ebdb0807ed8e
Missing chrome or resource URL: resource://gre/modules/UpdateListener.jsm
Missing chrome or resource URL: resource://gre/modules/UpdateListener.sys.mjs
console.error: "Error during quit-application-granted: [Exception... \"File error: Not found\"  nsresult: \"0x80520012 (NS_ERROR_FILE_NOT_FOUND)\"  location: \"JS frame :: resource:///modules/BrowserGlue.jsm :: _onQuitApplicationGranted/tasks< :: line 2006\"  data: no]"
1661157756888	Marionette	INFO	Stopped listening on port 36447
console.warn: TopSitesFeed: Failed to fetch data from Contile server: NetworkError when attempting to fetch resource.
1661158485188	geckodriver	INFO	Listening on 127.0.0.1:44123
1661158485504	mozrunner::runner	INFO	Running command: "/snap/firefox/current/firefox.launcher" "--marionette" "--remote-debugging-port" "47785" "--remote-allow-hosts" "localhost" "-no-remote" "-profile" "/tmp/rust_mozprofile29cMsC"
Gtk-Message: 16:54:45.578: Failed to load module "canberra-gtk-module"
Gtk-Message: 16:54:45.579: Failed to load module "canberra-gtk-module"
[GFX1-]: glxtest: VA-API test failed: failed to initialise VAAPI connection.
ATTENTION: default value of option mesa_glthread overridden by environment.
1661158485985	Marionette	INFO	Marionette enabled
1661158485988	Marionette	INFO	Listening on port 43761
WebDriver BiDi listening on ws://localhost:47785
Read port: 43761
1661158486094	RemoteAgent	WARN	TLS certificate errors will be ignored for this session
console.warn: SearchSettings: "get: No settings file exists, new profile?" (new NotFoundError("Could not open the file at /tmp/rust_mozprofile29cMsC/search.json.mozlz4", (void 0)))
Missing chrome or resource URL: resource://gre/modules/UpdateListener.jsm
Missing chrome or resource URL: resource://gre/modules/UpdateListener.sys.mjs
DevTools listening on ws://localhost:47785/devtools/browser/df13ea15-693b-444c-ad80-0b5583490d2a
Missing chrome or resource URL: resource://gre/modules/UpdateListener.jsm
Missing chrome or resource URL: resource://gre/modules/UpdateListener.sys.mjs
console.error: "Error during quit-application-granted: [Exception... \"File error: Not found\"  nsresult: \"0x80520012 (NS_ERROR_FILE_NOT_FOUND)\"  location: \"JS frame :: resource:///modules/BrowserGlue.jsm :: _onQuitApplicationGranted/tasks< :: line 2006\"  data: no]"
1661158499819	Marionette	INFO	Stopped listening on port 43761
console.warn: TopSitesFeed: Failed to fetch data from Contile server: NetworkError when attempting to fetch resource.
1661166102582	geckodriver	INFO	Listening on 127.0.0.1:53481
1661166102960	mozrunner::runner	INFO	Running command: "/snap/firefox/current/firefox.launcher" "--marionette" "--remote-debugging-port" "39919" "--remote-allow-hosts" "localhost" "-no-remote" "-profile" "/tmp/rust_mozprofilexSLklD"
Gtk-Message: 19:01:43.042: Failed to load module "canberra-gtk-module"
Gtk-Message: 19:01:43.043: Failed to load module "canberra-gtk-module"
[GFX1-]: glxtest: VA-API test failed: failed to initialise VAAPI connection.
ATTENTION: default value of option mesa_glthread overridden by environment.
1661166103465	Marionette	INFO	Marionette enabled
1661166103468	Marionette	INFO	Listening on port 43921
WebDriver BiDi listening on ws://localhost:39919
Read port: 43921
1661166103649	RemoteAgent	WARN	TLS certificate errors will be ignored for this session
console.warn: SearchSettings: "get: No settings file exists, new profile?" (new NotFoundError("Could not open the file at /tmp/rust_mozprofilexSLklD/search.json.mozlz4", (void 0)))
Missing chrome or resource URL: resource://gre/modules/UpdateListener.jsm
Missing chrome or resource URL: resource://gre/modules/UpdateListener.sys.mjs
DevTools listening on ws://localhost:39919/devtools/browser/f2301032-2fdf-4c49-bdcc-3fa8cb8938d7
Missing chrome or resource URL: resource://gre/modules/UpdateListener.jsm
Missing chrome or resource URL: resource://gre/modules/UpdateListener.sys.mjs
console.error: "Error during quit-application-granted: [Exception... \"File error: Not found\"  nsresult: \"0x80520012 (NS_ERROR_FILE_NOT_FOUND)\"  location: \"JS frame :: resource:///modules/BrowserGlue.jsm :: _onQuitApplicationGranted/tasks< :: line 2006\"  data: no]"
1661166119535	Marionette	INFO	Stopped listening on port 43921
console.warn: TopSitesFeed: Failed to fetch data from Contile server: NetworkError when attempting to fetch resource.
1661166127238	geckodriver	INFO	Listening on 127.0.0.1:48487
1661166127615	mozrunner::runner	INFO	Running command: "/snap/firefox/current/firefox.launcher" "--marionette" "--remote-debugging-port" "47051" "--remote-allow-hosts" "localhost" "-no-remote" "-profile" "/tmp/rust_mozprofilethRt0T"
Gtk-Message: 19:02:07.709: Failed to load module "canberra-gtk-module"
Gtk-Message: 19:02:07.711: Failed to load module "canberra-gtk-module"
[GFX1-]: glxtest: VA-API test failed: failed to initialise VAAPI connection.
ATTENTION: default value of option mesa_glthread overridden by environment.
1661166128194	Marionette	INFO	Marionette enabled
1661166128197	Marionette	INFO	Listening on port 39975
WebDriver BiDi listening on ws://localhost:47051
Read port: 39975
1661166128294	RemoteAgent	WARN	TLS certificate errors will be ignored for this session
console.warn: SearchSettings: "get: No settings file exists, new profile?" (new NotFoundError("Could not open the file at /tmp/rust_mozprofilethRt0T/search.json.mozlz4", (void 0)))
Missing chrome or resource URL: resource://gre/modules/UpdateListener.jsm
Missing chrome or resource URL: resource://gre/modules/UpdateListener.sys.mjs
DevTools listening on ws://localhost:47051/devtools/browser/8391d2b6-8504-4538-88ec-0f710999e3af
Missing chrome or resource URL: resource://gre/modules/UpdateListener.jsm
Missing chrome or resource URL: resource://gre/modules/UpdateListener.sys.mjs
console.error: "Error during quit-application-granted: [Exception... \"File error: Not found\"  nsresult: \"0x80520012 (NS_ERROR_FILE_NOT_FOUND)\"  location: \"JS frame :: resource:///modules/BrowserGlue.jsm :: _onQuitApplicationGranted/tasks< :: line 2006\"  data: no]"
1661166140862	Marionette	INFO	Stopped listening on port 39975
console.warn: TopSitesFeed: Failed to fetch data from Contile server: NetworkError when attempting to fetch resource.
1661166623588	geckodriver	INFO	Listening on 127.0.0.1:41069
1661166624001	mozrunner::runner	INFO	Running command: "/snap/firefox/current/firefox.launcher" "--marionette" "--remote-debugging-port" "57485" "--remote-allow-hosts" "localhost" "-no-remote" "-profile" "/tmp/rust_mozprofileEq6o2W"
Gtk-Message: 19:10:24.068: Failed to load module "canberra-gtk-module"
Gtk-Message: 19:10:24.070: Failed to load module "canberra-gtk-module"
[GFX1-]: glxtest: VA-API test failed: failed to initialise VAAPI connection.
ATTENTION: default value of option mesa_glthread overridden by environment.
1661166624473	Marionette	INFO	Marionette enabled
1661166624475	Marionette	INFO	Listening on port 41089
WebDriver BiDi listening on ws://localhost:57485
Read port: 41089
1661166624576	RemoteAgent	WARN	TLS certificate errors will be ignored for this session
console.warn: SearchSettings: "get: No settings file exists, new profile?" (new NotFoundError("Could not open the file at /tmp/rust_mozprofileEq6o2W/search.json.mozlz4", (void 0)))
Missing chrome or resource URL: resource://gre/modules/UpdateListener.jsm
Missing chrome or resource URL: resource://gre/modules/UpdateListener.sys.mjs
DevTools listening on ws://localhost:57485/devtools/browser/a74f22f7-7b16-424a-a1ac-fa642c41e0c5
Missing chrome or resource URL: resource://gre/modules/UpdateListener.jsm
Missing chrome or resource URL: resource://gre/modules/UpdateListener.sys.mjs
console.error: "Error during quit-application-granted: [Exception... \"File error: Not found\"  nsresult: \"0x80520012 (NS_ERROR_FILE_NOT_FOUND)\"  location: \"JS frame :: resource:///modules/BrowserGlue.jsm :: _onQuitApplicationGranted/tasks< :: line 2006\"  data: no]"
1661166634659	Marionette	INFO	Stopped listening on port 41089
console.warn: TopSitesFeed: Failed to fetch data from Contile server: NetworkError when attempting to fetch resource.
1661166779475	geckodriver	INFO	Listening on 127.0.0.1:37023
1661166779789	mozrunner::runner	INFO	Running command: "/snap/firefox/current/firefox.launcher" "--marionette" "--remote-debugging-port" "47005" "--remote-allow-hosts" "localhost" "-no-remote" "-profile" "/tmp/rust_mozprofile1X0bNQ"
Gtk-Message: 19:12:59.871: Failed to load module "canberra-gtk-module"
Gtk-Message: 19:12:59.872: Failed to load module "canberra-gtk-module"
[GFX1-]: glxtest: VA-API test failed: failed to initialise VAAPI connection.
ATTENTION: default value of option mesa_glthread overridden by environment.
1661166780280	Marionette	INFO	Marionette enabled
1661166780283	Marionette	INFO	Listening on port 37723
WebDriver BiDi listening on ws://localhost:47005
Read port: 37723
1661166780376	RemoteAgent	WARN	TLS certificate errors will be ignored for this session
console.warn: SearchSettings: "get: No settings file exists, new profile?" (new NotFoundError("Could not open the file at /tmp/rust_mozprofile1X0bNQ/search.json.mozlz4", (void 0)))
Missing chrome or resource URL: resource://gre/modules/UpdateListener.jsm
Missing chrome or resource URL: resource://gre/modules/UpdateListener.sys.mjs
DevTools listening on ws://localhost:47005/devtools/browser/f8698f49-d7e8-4ffb-ae9f-6a31be056068
Missing chrome or resource URL: resource://gre/modules/UpdateListener.jsm
Missing chrome or resource URL: resource://gre/modules/UpdateListener.sys.mjs
console.error: "Error during quit-application-granted: [Exception... \"File error: Not found\"  nsresult: \"0x80520012 (NS_ERROR_FILE_NOT_FOUND)\"  location: \"JS frame :: resource:///modules/BrowserGlue.jsm :: _onQuitApplicationGranted/tasks< :: line 2006\"  data: no]"
1661166801576	Marionette	INFO	Stopped listening on port 37723
console.warn: TopSitesFeed: Failed to fetch data from Contile server: NetworkError when attempting to fetch resource.
1661167484610	geckodriver	INFO	Listening on 127.0.0.1:35021
1661167485008	mozrunner::runner	INFO	Running command: "/snap/firefox/current/firefox.launcher" "--marionette" "--remote-debugging-port" "49005" "--remote-allow-hosts" "localhost" "-no-remote" "-profile" "/tmp/rust_mozprofile23lcmz"
Gtk-Message: 19:24:45.087: Failed to load module "canberra-gtk-module"
Gtk-Message: 19:24:45.088: Failed to load module "canberra-gtk-module"
[GFX1-]: glxtest: VA-API test failed: failed to initialise VAAPI connection.
ATTENTION: default value of option mesa_glthread overridden by environment.
1661167485523	Marionette	INFO	Marionette enabled
1661167485526	Marionette	INFO	Listening on port 38985
WebDriver BiDi listening on ws://localhost:49005
Read port: 38985
1661167485708	RemoteAgent	WARN	TLS certificate errors will be ignored for this session
console.warn: SearchSettings: "get: No settings file exists, new profile?" (new NotFoundError("Could not open the file at /tmp/rust_mozprofile23lcmz/search.json.mozlz4", (void 0)))
Missing chrome or resource URL: resource://gre/modules/UpdateListener.jsm
Missing chrome or resource URL: resource://gre/modules/UpdateListener.sys.mjs
DevTools listening on ws://localhost:49005/devtools/browser/2e0f308d-23f6-4a4c-a5f2-3b8278ec6960
Missing chrome or resource URL: resource://gre/modules/UpdateListener.jsm
Missing chrome or resource URL: resource://gre/modules/UpdateListener.sys.mjs
console.error: "Error during quit-application-granted: [Exception... \"File error: Not found\"  nsresult: \"0x80520012 (NS_ERROR_FILE_NOT_FOUND)\"  location: \"JS frame :: resource:///modules/BrowserGlue.jsm :: _onQuitApplicationGranted/tasks< :: line 2006\"  data: no]"
1661167490457	Marionette	INFO	Stopped listening on port 38985
console.warn: TopSitesFeed: Failed to fetch data from Contile server: NetworkError when attempting to fetch resource.
1661167556197	geckodriver	INFO	Listening on 127.0.0.1:43731
1661167556608	mozrunner::runner	INFO	Running command: "/snap/firefox/current/firefox.launcher" "--marionette" "--remote-debugging-port" "46659" "--remote-allow-hosts" "localhost" "-no-remote" "-profile" "/tmp/rust_mozprofilemjVOrk"
Gtk-Message: 19:25:56.684: Failed to load module "canberra-gtk-module"
Gtk-Message: 19:25:56.685: Failed to load module "canberra-gtk-module"
[GFX1-]: glxtest: VA-API test failed: failed to initialise VAAPI connection.
ATTENTION: default value of option mesa_glthread overridden by environment.
1661167557074	Marionette	INFO	Marionette enabled
1661167557077	Marionette	INFO	Listening on port 34049
WebDriver BiDi listening on ws://localhost:46659
Read port: 34049
1661167557172	RemoteAgent	WARN	TLS certificate errors will be ignored for this session
console.warn: SearchSettings: "get: No settings file exists, new profile?" (new NotFoundError("Could not open the file at /tmp/rust_mozprofilemjVOrk/search.json.mozlz4", (void 0)))
Missing chrome or resource URL: resource://gre/modules/UpdateListener.jsm
Missing chrome or resource URL: resource://gre/modules/UpdateListener.sys.mjs
DevTools listening on ws://localhost:46659/devtools/browser/144cd117-1f70-4460-90e7-c13c61c6d23c
console.warn: LoginRecipes: "getRecipes: falling back to a synchronous message for:" "https://www.railway.gov.tw"
console.warn: LoginRecipes: "getRecipes: falling back to a synchronous message for:" "https://www.railway.gov.tw"
Missing chrome or resource URL: resource://gre/modules/UpdateListener.jsm
Missing chrome or resource URL: resource://gre/modules/UpdateListener.sys.mjs
console.error: "Error during quit-application-granted: [Exception... \"File error: Not found\"  nsresult: \"0x80520012 (NS_ERROR_FILE_NOT_FOUND)\"  location: \"JS frame :: resource:///modules/BrowserGlue.jsm :: _onQuitApplicationGranted/tasks< :: line 2006\"  data: no]"
1661167613789	Marionette	INFO	Stopped listening on port 34049
console.warn: TopSitesFeed: Failed to fetch data from Contile server: NetworkError when attempting to fetch resource.
Missing chrome or resource URL: resource://gre/modules/UpdateListener.jsm
Missing chrome or resource URL: resource://gre/modules/UpdateListener.sys.mjs
console.error: "Error during quit-application-granted: [Exception... \"File error: Not found\"  nsresult: \"0x80520012 (NS_ERROR_FILE_NOT_FOUND)\"  location: \"JS frame :: resource:///modules/BrowserGlue.jsm :: _onQuitApplicationGranted/tasks< :: line 2006\"  data: no]"
1661167741128	Marionette	INFO	Stopped listening on port 41927
console.warn: TopSitesFeed: Failed to fetch data from Contile server: NetworkError when attempting to fetch resource.
update.go:85: cannot change mount namespace according to change mount (/var/lib/snapd/hostfs/usr/share/libreoffice/help /usr/share/libreoffice/help none bind,ro 0 0): cannot create directory "/usr/share/libreoffice/help": permission denied
update.go:85: cannot change mount namespace according to change mount (/var/lib/snapd/hostfs/usr/share/xubuntu-docs /usr/share/xubuntu-docs none bind,ro 0 0): cannot open directory "/var/lib": permission denied
1661167757059	geckodriver	INFO	Listening on 127.0.0.1:41591
1661167757652	mozrunner::runner	INFO	Running command: "/snap/firefox/current/firefox.launcher" "--marionette" "--remote-debugging-port" "43821" "--remote-allow-hosts" "localhost" "-no-remote" "-profile" "/tmp/rust_mozprofileOSx7Zr"
Gtk-Message: 19:29:17.728: Failed to load module "canberra-gtk-module"
Gtk-Message: 19:29:17.729: Failed to load module "canberra-gtk-module"
[GFX1-]: glxtest: VA-API test failed: failed to initialise VAAPI connection.
ATTENTION: default value of option mesa_glthread overridden by environment.
1661167758192	Marionette	INFO	Marionette enabled
1661167758195	Marionette	INFO	Listening on port 38407
WebDriver BiDi listening on ws://localhost:43821
Read port: 38407
1661167758304	RemoteAgent	WARN	TLS certificate errors will be ignored for this session
console.warn: SearchSettings: "get: No settings file exists, new profile?" (new NotFoundError("Could not open the file at /tmp/rust_mozprofileOSx7Zr/search.json.mozlz4", (void 0)))
Missing chrome or resource URL: resource://gre/modules/UpdateListener.jsm
Missing chrome or resource URL: resource://gre/modules/UpdateListener.sys.mjs
DevTools listening on ws://localhost:43821/devtools/browser/ec661c8e-ff44-47bf-9802-260833324008
Missing chrome or resource URL: resource://gre/modules/UpdateListener.jsm
Missing chrome or resource URL: resource://gre/modules/UpdateListener.sys.mjs
console.error: "Error during quit-application-granted: [Exception... \"File error: Not found\"  nsresult: \"0x80520012 (NS_ERROR_FILE_NOT_FOUND)\"  location: \"JS frame :: resource:///modules/BrowserGlue.jsm :: _onQuitApplicationGranted/tasks< :: line 2006\"  data: no]"
1661167767183	Marionette	INFO	Stopped listening on port 38407
console.warn: TopSitesFeed: Failed to fetch data from Contile server: NetworkError when attempting to fetch resource.
1661167770965	geckodriver	INFO	Listening on 127.0.0.1:60031
1661167771405	mozrunner::runner	INFO	Running command: "/snap/firefox/current/firefox.launcher" "--marionette" "--remote-debugging-port" "60121" "--remote-allow-hosts" "localhost" "-no-remote" "-profile" "/tmp/rust_mozprofileU9yyhn"
Gtk-Message: 19:29:31.481: Failed to load module "canberra-gtk-module"
Gtk-Message: 19:29:31.482: Failed to load module "canberra-gtk-module"
[GFX1-]: glxtest: VA-API test failed: failed to initialise VAAPI connection.
ATTENTION: default value of option mesa_glthread overridden by environment.
1661167771915	Marionette	INFO	Marionette enabled
1661167771918	Marionette	INFO	Listening on port 36657
WebDriver BiDi listening on ws://localhost:60121
Read port: 36657
1661167772095	RemoteAgent	WARN	TLS certificate errors will be ignored for this session
console.warn: SearchSettings: "get: No settings file exists, new profile?" (new NotFoundError("Could not open the file at /tmp/rust_mozprofileU9yyhn/search.json.mozlz4", (void 0)))
Missing chrome or resource URL: resource://gre/modules/UpdateListener.jsm
Missing chrome or resource URL: resource://gre/modules/UpdateListener.sys.mjs
DevTools listening on ws://localhost:60121/devtools/browser/79e59c53-959a-48a1-b062-923bb01f6065
console.warn: LoginRecipes: "getRecipes: falling back to a synchronous message for:" "https://www.railway.gov.tw"
Missing chrome or resource URL: resource://gre/modules/UpdateListener.jsm
Missing chrome or resource URL: resource://gre/modules/UpdateListener.sys.mjs
console.error: "Error during quit-application-granted: [Exception... \"File error: Not found\"  nsresult: \"0x80520012 (NS_ERROR_FILE_NOT_FOUND)\"  location: \"JS frame :: resource:///modules/BrowserGlue.jsm :: _onQuitApplicationGranted/tasks< :: line 2006\"  data: no]"
1661167782886	Marionette	INFO	Stopped listening on port 36657
console.warn: TopSitesFeed: Failed to fetch data from Contile server: NetworkError when attempting to fetch resource.
1661167811827	geckodriver	INFO	Listening on 127.0.0.1:38911
1661167812268	mozrunner::runner	INFO	Running command: "/snap/firefox/current/firefox.launcher" "--marionette" "--remote-debugging-port" "37903" "--remote-allow-hosts" "localhost" "-no-remote" "-profile" "/tmp/rust_mozprofilerk77EH"
Gtk-Message: 19:30:12.334: Failed to load module "canberra-gtk-module"
Gtk-Message: 19:30:12.335: Failed to load module "canberra-gtk-module"
[GFX1-]: glxtest: VA-API test failed: failed to initialise VAAPI connection.
ATTENTION: default value of option mesa_glthread overridden by environment.
1661167812770	Marionette	INFO	Marionette enabled
1661167812772	Marionette	INFO	Listening on port 36179
WebDriver BiDi listening on ws://localhost:37903
Read port: 36179
1661167812977	RemoteAgent	WARN	TLS certificate errors will be ignored for this session
console.warn: SearchSettings: "get: No settings file exists, new profile?" (new NotFoundError("Could not open the file at /tmp/rust_mozprofilerk77EH/search.json.mozlz4", (void 0)))
Missing chrome or resource URL: resource://gre/modules/UpdateListener.jsm
Missing chrome or resource URL: resource://gre/modules/UpdateListener.sys.mjs
DevTools listening on ws://localhost:37903/devtools/browser/bfbc8629-de6d-46a4-954b-a03ff1c80411
JavaScript error: resource://gre/modules/URIFixup.jsm, line 278: NS_ERROR_FAILURE: Should pass a non-null uri
Missing chrome or resource URL: resource://gre/modules/UpdateListener.jsm
Missing chrome or resource URL: resource://gre/modules/UpdateListener.sys.mjs
console.error: "Error during quit-application-granted: [Exception... \"File error: Not found\"  nsresult: \"0x80520012 (NS_ERROR_FILE_NOT_FOUND)\"  location: \"JS frame :: resource:///modules/BrowserGlue.jsm :: _onQuitApplicationGranted/tasks< :: line 2006\"  data: no]"
1661167825410	Marionette	INFO	Stopped listening on port 36179
console.warn: TopSitesFeed: Failed to fetch data from Contile server: NetworkError when attempting to fetch resource.
1661168098692	geckodriver	INFO	Listening on 127.0.0.1:54995
1661168099132	mozrunner::runner	INFO	Running command: "/snap/firefox/current/firefox.launcher" "--marionette" "--remote-debugging-port" "51751" "--remote-allow-hosts" "localhost" "-no-remote" "-profile" "/tmp/rust_mozprofilewNRQB5"
Gtk-Message: 19:34:59.195: Failed to load module "canberra-gtk-module"
Gtk-Message: 19:34:59.196: Failed to load module "canberra-gtk-module"
[GFX1-]: glxtest: VA-API test failed: failed to initialise VAAPI connection.
ATTENTION: default value of option mesa_glthread overridden by environment.
1661168099589	Marionette	INFO	Marionette enabled
1661168099592	Marionette	INFO	Listening on port 33797
WebDriver BiDi listening on ws://localhost:51751
Read port: 33797
1661168099684	RemoteAgent	WARN	TLS certificate errors will be ignored for this session
console.warn: SearchSettings: "get: No settings file exists, new profile?" (new NotFoundError("Could not open the file at /tmp/rust_mozprofilewNRQB5/search.json.mozlz4", (void 0)))
Missing chrome or resource URL: resource://gre/modules/UpdateListener.jsm
Missing chrome or resource URL: resource://gre/modules/UpdateListener.sys.mjs
DevTools listening on ws://localhost:51751/devtools/browser/a38d363e-7c1a-46fa-bfb4-65e157d82277
Missing chrome or resource URL: resource://gre/modules/UpdateListener.jsm
Missing chrome or resource URL: resource://gre/modules/UpdateListener.sys.mjs
console.error: "Error during quit-application-granted: [Exception... \"File error: Not found\"  nsresult: \"0x80520012 (NS_ERROR_FILE_NOT_FOUND)\"  location: \"JS frame :: resource:///modules/BrowserGlue.jsm :: _onQuitApplicationGranted/tasks< :: line 2006\"  data: no]"
1661168118189	Marionette	INFO	Stopped listening on port 33797
console.warn: TopSitesFeed: Failed to fetch data from Contile server: NetworkError when attempting to fetch resource.
1661168322053	geckodriver	INFO	Listening on 127.0.0.1:60821
1661168322479	mozrunner::runner	INFO	Running command: "/snap/firefox/current/firefox.launcher" "--marionette" "--remote-debugging-port" "48487" "--remote-allow-hosts" "localhost" "-no-remote" "-profile" "/tmp/rust_mozprofileBe7m2n"
Gtk-Message: 19:38:42.544: Failed to load module "canberra-gtk-module"
Gtk-Message: 19:38:42.546: Failed to load module "canberra-gtk-module"
[GFX1-]: glxtest: VA-API test failed: failed to initialise VAAPI connection.
ATTENTION: default value of option mesa_glthread overridden by environment.
1661168322964	Marionette	INFO	Marionette enabled
1661168322967	Marionette	INFO	Listening on port 34527
WebDriver BiDi listening on ws://localhost:48487
Read port: 34527
1661168323077	RemoteAgent	WARN	TLS certificate errors will be ignored for this session
console.warn: SearchSettings: "get: No settings file exists, new profile?" (new NotFoundError("Could not open the file at /tmp/rust_mozprofileBe7m2n/search.json.mozlz4", (void 0)))
Missing chrome or resource URL: resource://gre/modules/UpdateListener.jsm
Missing chrome or resource URL: resource://gre/modules/UpdateListener.sys.mjs
DevTools listening on ws://localhost:48487/devtools/browser/28a6200e-1420-442e-9208-e44f0a23697d
Missing chrome or resource URL: resource://gre/modules/UpdateListener.jsm
Missing chrome or resource URL: resource://gre/modules/UpdateListener.sys.mjs
console.error: "Error during quit-application-granted: [Exception... \"File error: Not found\"  nsresult: \"0x80520012 (NS_ERROR_FILE_NOT_FOUND)\"  location: \"JS frame :: resource:///modules/BrowserGlue.jsm :: _onQuitApplicationGranted/tasks< :: line 2006\"  data: no]"
1661168337703	Marionette	INFO	Stopped listening on port 34527
console.warn: TopSitesFeed: Failed to fetch data from Contile server: NetworkError when attempting to fetch resource.
1661168355119	geckodriver	INFO	Listening on 127.0.0.1:36235
1661168355573	mozrunner::runner	INFO	Running command: "/snap/firefox/current/firefox.launcher" "--marionette" "--remote-debugging-port" "37709" "--remote-allow-hosts" "localhost" "-no-remote" "-profile" "/tmp/rust_mozprofileLIad6t"
Gtk-Message: 19:39:15.641: Failed to load module "canberra-gtk-module"
Gtk-Message: 19:39:15.642: Failed to load module "canberra-gtk-module"
[GFX1-]: glxtest: VA-API test failed: failed to initialise VAAPI connection.
ATTENTION: default value of option mesa_glthread overridden by environment.
1661168356049	Marionette	INFO	Marionette enabled
1661168356051	Marionette	INFO	Listening on port 37685
WebDriver BiDi listening on ws://localhost:37709
Read port: 37685
1661168356138	RemoteAgent	WARN	TLS certificate errors will be ignored for this session
console.warn: SearchSettings: "get: No settings file exists, new profile?" (new NotFoundError("Could not open the file at /tmp/rust_mozprofileLIad6t/search.json.mozlz4", (void 0)))
Missing chrome or resource URL: resource://gre/modules/UpdateListener.jsm
Missing chrome or resource URL: resource://gre/modules/UpdateListener.sys.mjs
DevTools listening on ws://localhost:37709/devtools/browser/7a442fca-9a1e-4986-92dd-334b61076474
JavaScript error: resource://gre/modules/URIFixup.jsm, line 278: NS_ERROR_FAILURE: Should pass a non-null uri
Missing chrome or resource URL: resource://gre/modules/UpdateListener.jsm
Missing chrome or resource URL: resource://gre/modules/UpdateListener.sys.mjs
console.error: "Error during quit-application-granted: [Exception... \"File error: Not found\"  nsresult: \"0x80520012 (NS_ERROR_FILE_NOT_FOUND)\"  location: \"JS frame :: resource:///modules/BrowserGlue.jsm :: _onQuitApplicationGranted/tasks< :: line 2006\"  data: no]"
1661168367177	Marionette	INFO	Stopped listening on port 37685
console.warn: TopSitesFeed: Failed to fetch data from Contile server: NetworkError when attempting to fetch resource.
1661168754483	geckodriver	INFO	Listening on 127.0.0.1:51239
1661168754913	mozrunner::runner	INFO	Running command: "/snap/firefox/current/firefox.launcher" "--marionette" "--remote-debugging-port" "53533" "--remote-allow-hosts" "localhost" "-no-remote" "-profile" "/tmp/rust_mozprofileGRJTsB"
Gtk-Message: 19:45:54.979: Failed to load module "canberra-gtk-module"
Gtk-Message: 19:45:54.981: Failed to load module "canberra-gtk-module"
[GFX1-]: glxtest: VA-API test failed: failed to initialise VAAPI connection.
ATTENTION: default value of option mesa_glthread overridden by environment.
1661168755402	Marionette	INFO	Marionette enabled
1661168755404	Marionette	INFO	Listening on port 44479
WebDriver BiDi listening on ws://localhost:53533
Read port: 44479
1661168755506	RemoteAgent	WARN	TLS certificate errors will be ignored for this session
console.warn: SearchSettings: "get: No settings file exists, new profile?" (new NotFoundError("Could not open the file at /tmp/rust_mozprofileGRJTsB/search.json.mozlz4", (void 0)))
Missing chrome or resource URL: resource://gre/modules/UpdateListener.jsm
Missing chrome or resource URL: resource://gre/modules/UpdateListener.sys.mjs
DevTools listening on ws://localhost:53533/devtools/browser/08453ec1-af72-44b0-addc-134c7d2c56ba
JavaScript error: resource://gre/modules/URIFixup.jsm, line 278: NS_ERROR_FAILURE: Should pass a non-null uri
Missing chrome or resource URL: resource://gre/modules/UpdateListener.jsm
Missing chrome or resource URL: resource://gre/modules/UpdateListener.sys.mjs
console.error: "Error during quit-application-granted: [Exception... \"File error: Not found\"  nsresult: \"0x80520012 (NS_ERROR_FILE_NOT_FOUND)\"  location: \"JS frame :: resource:///modules/BrowserGlue.jsm :: _onQuitApplicationGranted/tasks< :: line 2006\"  data: no]"
1661168768060	Marionette	INFO	Stopped listening on port 44479
console.warn: TopSitesFeed: Failed to fetch data from Contile server: NetworkError when attempting to fetch resource.
1661168777083	geckodriver	INFO	Listening on 127.0.0.1:36193
1661168777533	mozrunner::runner	INFO	Running command: "/snap/firefox/current/firefox.launcher" "--marionette" "--remote-debugging-port" "59961" "--remote-allow-hosts" "localhost" "-no-remote" "-profile" "/tmp/rust_mozprofileKq9yN9"
Gtk-Message: 19:46:17.597: Failed to load module "canberra-gtk-module"
Gtk-Message: 19:46:17.598: Failed to load module "canberra-gtk-module"
[GFX1-]: glxtest: VA-API test failed: failed to initialise VAAPI connection.
ATTENTION: default value of option mesa_glthread overridden by environment.
1661168777997	Marionette	INFO	Marionette enabled
1661168777999	Marionette	INFO	Listening on port 34287
WebDriver BiDi listening on ws://localhost:59961
Read port: 34287
1661168778105	RemoteAgent	WARN	TLS certificate errors will be ignored for this session
console.warn: SearchSettings: "get: No settings file exists, new profile?" (new NotFoundError("Could not open the file at /tmp/rust_mozprofileKq9yN9/search.json.mozlz4", (void 0)))
Missing chrome or resource URL: resource://gre/modules/UpdateListener.jsm
Missing chrome or resource URL: resource://gre/modules/UpdateListener.sys.mjs
DevTools listening on ws://localhost:59961/devtools/browser/843a8e8e-6b1d-4513-8a9a-5e4971f3c32b
Missing chrome or resource URL: resource://gre/modules/UpdateListener.jsm
Missing chrome or resource URL: resource://gre/modules/UpdateListener.sys.mjs
console.error: "Error during quit-application-granted: [Exception... \"File error: Not found\"  nsresult: \"0x80520012 (NS_ERROR_FILE_NOT_FOUND)\"  location: \"JS frame :: resource:///modules/BrowserGlue.jsm :: _onQuitApplicationGranted/tasks< :: line 2006\"  data: no]"
1661168797799	Marionette	INFO	Stopped listening on port 34287
console.warn: TopSitesFeed: Failed to fetch data from Contile server: NetworkError when attempting to fetch resource.
1661168854181	geckodriver	INFO	Listening on 127.0.0.1:50045
1661168854614	mozrunner::runner	INFO	Running command: "/snap/firefox/current/firefox.launcher" "--marionette" "--remote-debugging-port" "58811" "--remote-allow-hosts" "localhost" "-no-remote" "-profile" "/tmp/rust_mozprofilej1d5Hp"
Gtk-Message: 19:47:34.683: Failed to load module "canberra-gtk-module"
Gtk-Message: 19:47:34.684: Failed to load module "canberra-gtk-module"
[GFX1-]: glxtest: VA-API test failed: failed to initialise VAAPI connection.
ATTENTION: default value of option mesa_glthread overridden by environment.
1661168855085	Marionette	INFO	Marionette enabled
1661168855087	Marionette	INFO	Listening on port 37579
WebDriver BiDi listening on ws://localhost:58811
Read port: 37579
1661168855180	RemoteAgent	WARN	TLS certificate errors will be ignored for this session
console.warn: SearchSettings: "get: No settings file exists, new profile?" (new NotFoundError("Could not open the file at /tmp/rust_mozprofilej1d5Hp/search.json.mozlz4", (void 0)))
Missing chrome or resource URL: resource://gre/modules/UpdateListener.jsm
Missing chrome or resource URL: resource://gre/modules/UpdateListener.sys.mjs
DevTools listening on ws://localhost:58811/devtools/browser/5c9f824f-af85-4d31-b421-c7800ace0c42
JavaScript error: resource://gre/modules/URIFixup.jsm, line 278: NS_ERROR_FAILURE: Should pass a non-null uri
Missing chrome or resource URL: resource://gre/modules/UpdateListener.jsm
Missing chrome or resource URL: resource://gre/modules/UpdateListener.sys.mjs
console.error: "Error during quit-application-granted: [Exception... \"File error: Not found\"  nsresult: \"0x80520012 (NS_ERROR_FILE_NOT_FOUND)\"  location: \"JS frame :: resource:///modules/BrowserGlue.jsm :: _onQuitApplicationGranted/tasks< :: line 2006\"  data: no]"
1661168871036	Marionette	INFO	Stopped listening on port 37579
console.warn: TopSitesFeed: Failed to fetch data from Contile server: NetworkError when attempting to fetch resource.
1661168917492	geckodriver	INFO	Listening on 127.0.0.1:47837
1661168917938	mozrunner::runner	INFO	Running command: "/snap/firefox/current/firefox.launcher" "--marionette" "--remote-debugging-port" "41027" "--remote-allow-hosts" "localhost" "-no-remote" "-profile" "/tmp/rust_mozprofilet5h3gD"
Gtk-Message: 19:48:38.008: Failed to load module "canberra-gtk-module"
Gtk-Message: 19:48:38.010: Failed to load module "canberra-gtk-module"
[GFX1-]: glxtest: VA-API test failed: failed to initialise VAAPI connection.
ATTENTION: default value of option mesa_glthread overridden by environment.
1661168918399	Marionette	INFO	Marionette enabled
1661168918402	Marionette	INFO	Listening on port 38533
WebDriver BiDi listening on ws://localhost:41027
Read port: 38533
1661168918505	RemoteAgent	WARN	TLS certificate errors will be ignored for this session
console.warn: SearchSettings: "get: No settings file exists, new profile?" (new NotFoundError("Could not open the file at /tmp/rust_mozprofilet5h3gD/search.json.mozlz4", (void 0)))
Missing chrome or resource URL: resource://gre/modules/UpdateListener.jsm
Missing chrome or resource URL: resource://gre/modules/UpdateListener.sys.mjs
DevTools listening on ws://localhost:41027/devtools/browser/1b46ee89-a95a-4262-919d-5ea922d8e75d
Missing chrome or resource URL: resource://gre/modules/UpdateListener.jsm
Missing chrome or resource URL: resource://gre/modules/UpdateListener.sys.mjs
console.error: "Error during quit-application-granted: [Exception... \"File error: Not found\"  nsresult: \"0x80520012 (NS_ERROR_FILE_NOT_FOUND)\"  location: \"JS frame :: resource:///modules/BrowserGlue.jsm :: _onQuitApplicationGranted/tasks< :: line 2006\"  data: no]"
1661168929313	Marionette	INFO	Stopped listening on port 38533
console.warn: TopSitesFeed: Failed to fetch data from Contile server: NetworkError when attempting to fetch resource.
